Exercicio aula 9                                                                                                        PAGE 1
                         1     ;***********************************************
                         2     ;*      Marcos Vinícius Firmino Pietrucci      *
                         3     ;*      10770072                               *
                         4     ;***********************************************
                         5
                         6     ; ****************** PROGRAMA ***************
                         7
                         8     ; Para armazenar o valor dos displays, usarei os registradores
                         9     ;       1000H - R0
                        10     ;       2000H - R1
                        11     ;       3000H - R2
                        12     ;       4000H - R3
                        13
                        14     ; R1 para os 2 mais significativos, R2 para os 2 leds menos significativos
                        15     ; Buffer: XDATA
                        16     ;         8000   D7S-0
                        17     ;         8100   D7S-1
                        18     ;         8200   D7S-2
                        19     ;         8300   D7S-3
                        20     ;         8400   D7S-4
                        21     ;         8500   D7S-5
                        22     ;         8600   D7S-6
                        23     ;         8700   D7S-7
                        24
                        25                     ORG     0H
0000 8000               26                     SJMP    SETUP
                        27
                        28     SETUP:
0002 7800               29                     MOV     R0, #0H         ; Limpa os registradores que conterão o valor Hex ldo
0004 7900               30                     MOV     R1, #0H
0006 7A00               31                     MOV     R2, #0H
0008 7B00               32                     MOV     R3, #0H
                        33
000A 1116               34     LOOP:           ACALL   LE_MEMORIA
000C 112B               35                     ACALL   CONV2BCD_R0
000E 1148               36                     ACALL   CONV2BCD_R1
0010 1165               37                     ACALL   CONV2BCD_R2
0012 1182               38                     ACALL   CONV2BCD_R3
0014 80F4               39                     SJMP    LOOP
                        40
0016 901000             41     LE_MEMORIA:     MOV     DPTR, #1000H
0019 E0                 42                     MOVX    A, @DPTR
001A F8                 43                     MOV     R0, A
001B 902000             44                     MOV     DPTR, #2000H
001E E0                 45                     MOVX    A, @DPTR
001F F9                 46                     MOV     R1, A
0020 903000             47                     MOV     DPTR, #3000H
0023 E0                 48                     MOVX    A, @DPTR
0024 FA                 49                     MOV     R2, A
0025 904000             50                     MOV     DPTR, #4000H
0028 E0                 51                     MOVX    A, @DPTR
0029 FB                 52                     MOV     R3, A
002A 22                 53                     RET
                        54     ;**********************************
                        55     ;Função que converte o número no registrador R0 em BCD
                        56     ;Já aproveita e envia o valor para a memória externa
002B E8                 57     CONV2BCD_R0:    MOV     A, R0
002C 75F00A             58                     MOV     B, #0AH
002F 84                 59                     DIV     AB
0030 F531               60                     MOV     31H, A  ; 31H = ISB1
0032 85F030             61                     MOV     30H, B  ; 30H = LSB
                        62
                        63                     ;Converte o valor de BCD para D7S
0035 90009F             64                     MOV     DPTR, #D7SVALORES
0038 93                 65                     MOVC    A, @A+DPTR      ;O valor D7S está carregado no acumulador
                        66
                        67                     ;Move o valor correto para a posição de memoria respectiva
0039 908000             68                     MOV     DPTR, #8000H
003C F0                 69                     MOVX    @DPTR, A
                        70
                        71                     ;Converte o valor de BCD para D7S
003D E5F0               72                     MOV     A, B
003F 90009F             73                     MOV     DPTR, #D7SVALORES
0042 93                 74                     MOVC    A, @A+DPTR      ;O valor D7S está carregado no acumulador
                        75
                        76                     ;Move o valor correto para a posição de memoria respectiva
0043 908100             77                     MOV     DPTR, #8100H
0046 F0                 78                     MOVX    @DPTR, A
0047 22                 79                     RET
                        80
                        81     ;**********************************
                        82     ;Função que converte o número no registrador R1 em BCD
                        83     ;Já aproveita e envia o valor para a memória externa
0048 E9                 84     CONV2BCD_R1:    MOV     A, R1
0049 75F00A             85                     MOV     B, #0AH
004C 84                 86                     DIV     AB
004D F533               87                     MOV     33H, A  ; 33H = MSB
004F 85F032             88                     MOV     32H, B  ; 32H = ISB2
                        89
                        90                     ;Converte o valor de BCD para D7S
0052 90009F             91                     MOV     DPTR, #D7SVALORES
0055 93                 92                     MOVC    A, @A+DPTR      ;O valor D7S está carregado no acumulador
                        93
                        94                     ;Move o valor correto para a posição de memoria respectiva
0056 908200             95                     MOV     DPTR, #8200H
0059 F0                 96                     MOVX    @DPTR, A
                        97
                        98                     ;Converte o valor de BCD para D7S
005A E5F0               99                     MOV     A, B
005C 90009F            100                     MOV     DPTR, #D7SVALORES
005F 93                101                     MOVC    A, @A+DPTR      ;O valor D7S está carregado no acumulador
                       102
                       103                     ;Move o valor correto para a posição de memoria respectiva
0060 908300            104                     MOV     DPTR, #8300H
0063 F0                105                     MOVX    @DPTR, A
0064 22                106                     RET
                       107     ;**********************************
                       108     ;Função que converte o número no registrador R2 em BCD
                       109     ;Já aproveita e envia o valor para a memória externa
0065 EA                110     CONV2BCD_R2:    MOV     A, R2
0066 75F00A            111                     MOV     B, #0AH
0069 84                112                     DIV     AB
006A F535              113                     MOV     35H, A  ; 33H = MSB
006C 85F034            114                     MOV     34H, B  ; 32H = ISB2
                       115
006F 90009F            116                     MOV     DPTR, #D7SVALORES
0072 93                117                     MOVC    A, @A+DPTR
0073 908400            118                     MOV     DPTR, #8400H
0076 F0                119                     MOVX    @DPTR, A
                       120
0077 E5F0              121                     MOV     A, B
0079 90009F            122                     MOV     DPTR, #D7SVALORES
007C 93                123                     MOVC    A, @A+DPTR
007D 908500            124                     MOV     DPTR, #8500H
0080 F0                125                     MOVX    @DPTR, A
                       126
0081 22                127                     RET
                       128
                       129     ;**********************************
                       130     ;Função que converte o número no registrador R3 em BCD
                       131     ;Já aproveita e envia o valor para a memória externa
0082 EB                132     CONV2BCD_R3:    MOV     A, R3
0083 75F00A            133                     MOV     B, #0AH
0086 84                134                     DIV     AB
0087 F537              135                     MOV     37H, A  ; 33H = MSB
0089 85F036            136                     MOV     36H, B  ; 32H = ISB2
                       137
008C 90009F            138                     MOV     DPTR, #D7SVALORES
008F 93                139                     MOVC    A, @A+DPTR
0090 908600            140                     MOV     DPTR, #8600H
0093 F0                141                     MOVX    @DPTR, A
                       142
0094 E5F0              143                     MOV     A, B
0096 90009F            144                     MOV     DPTR, #D7SVALORES
0099 93                145                     MOVC    A, @A+DPTR
009A 908700            146                     MOV     DPTR, #8700H
009D F0                147                     MOVX    @DPTR, A
009E 22                148                     RET
                       149
                       150     ;**********************************
009F 3F065B4F66        151     D7SVALORES:     DB      3FH, 06H, 05BH, 4FH, 66H, 6DH, 7DH, 07H, 7FH, 6FH
     6D7D077F6F
                       152
                       153
                       154                     END
ASSEMBLY COMPLETE, NO ERRORS FOUND, NO WARNINGS


SYMBOL TABLE:
??MCU_8051_IDE . . . . . . . . . . .  N  NUMB  8051H  NOT USED
??VERSION. . . . . . . . . . . . . .  N  NUMB  0149H  NOT USED
AC . . . . . . . . . . . . . . . . .  B  ADDR  00D6H  NOT USED
ACC. . . . . . . . . . . . . . . . .  D  ADDR  00E0H  NOT USED
ACSR . . . . . . . . . . . . . . . .  D  ADDR  0097H  NOT USED
ADCF . . . . . . . . . . . . . . . .  D  ADDR  00F6H  NOT USED
ADCLK. . . . . . . . . . . . . . . .  D  ADDR  00F2H  NOT USED
ADCON. . . . . . . . . . . . . . . .  D  ADDR  00F3H  NOT USED
ADDH . . . . . . . . . . . . . . . .  D  ADDR  00F5H  NOT USED
ADDL . . . . . . . . . . . . . . . .  D  ADDR  00F4H  NOT USED
AUXR . . . . . . . . . . . . . . . .  D  ADDR  008EH  NOT USED
AUXR1. . . . . . . . . . . . . . . .  D  ADDR  00A2H  NOT USED
B. . . . . . . . . . . . . . . . . .  D  ADDR  00F0H
BDRCON . . . . . . . . . . . . . . .  D  ADDR  009BH  NOT USED
BDRCON_1 . . . . . . . . . . . . . .  D  ADDR  009CH  NOT USED
BRL. . . . . . . . . . . . . . . . .  D  ADDR  009AH  NOT USED
CCAP0H . . . . . . . . . . . . . . .  D  ADDR  00FAH  NOT USED
CCAP0L . . . . . . . . . . . . . . .  D  ADDR  00EAH  NOT USED
CCAP1H . . . . . . . . . . . . . . .  D  ADDR  00FBH  NOT USED
CCAP1L . . . . . . . . . . . . . . .  D  ADDR  00EBH  NOT USED
CCAP2H . . . . . . . . . . . . . . .  D  ADDR  00FCH  NOT USED
CCAP3H . . . . . . . . . . . . . . .  D  ADDR  00FDH  NOT USED
CCAP4H . . . . . . . . . . . . . . .  D  ADDR  00FEH  NOT USED
CCAPL2H. . . . . . . . . . . . . . .  D  ADDR  00FCH  NOT USED
CCAPL2L. . . . . . . . . . . . . . .  D  ADDR  00ECH  NOT USED
CCAPL3H. . . . . . . . . . . . . . .  D  ADDR  00FDH  NOT USED
CCAPL3L. . . . . . . . . . . . . . .  D  ADDR  00EDH  NOT USED
CCAPL4H. . . . . . . . . . . . . . .  D  ADDR  00FEH  NOT USED
CCAPL4L. . . . . . . . . . . . . . .  D  ADDR  00EEH  NOT USED
CCAPM0 . . . . . . . . . . . . . . .  D  ADDR  00DAH  NOT USED
CCAPM1 . . . . . . . . . . . . . . .  D  ADDR  00DBH  NOT USED
CCAPM2 . . . . . . . . . . . . . . .  D  ADDR  00DCH  NOT USED
CCAPM3 . . . . . . . . . . . . . . .  D  ADDR  00DDH  NOT USED
CCAPM4 . . . . . . . . . . . . . . .  D  ADDR  00DEH  NOT USED
CCF0 . . . . . . . . . . . . . . . .  B  ADDR  00D8H  NOT USED
CCF1 . . . . . . . . . . . . . . . .  B  ADDR  00D9H  NOT USED
CCF2 . . . . . . . . . . . . . . . .  B  ADDR  00DAH  NOT USED
CCF3 . . . . . . . . . . . . . . . .  B  ADDR  00DBH  NOT USED
CCF4 . . . . . . . . . . . . . . . .  B  ADDR  00DCH  NOT USED
CCON . . . . . . . . . . . . . . . .  D  ADDR  00D8H  NOT USED
CFINT. . . . . . . . . . . . . . . .  C  ADDR  0033H  NOT USED
CH . . . . . . . . . . . . . . . . .  D  ADDR  00F9H  NOT USED
CKCON. . . . . . . . . . . . . . . .  D  ADDR  008FH  NOT USED
CKCON0 . . . . . . . . . . . . . . .  D  ADDR  008FH  NOT USED
CKRL . . . . . . . . . . . . . . . .  D  ADDR  0097H  NOT USED
CKSEL. . . . . . . . . . . . . . . .  D  ADDR  0085H  NOT USED
CL . . . . . . . . . . . . . . . . .  D  ADDR  00E9H  NOT USED
CLKREG . . . . . . . . . . . . . . .  D  ADDR  008FH  NOT USED
CMOD . . . . . . . . . . . . . . . .  D  ADDR  00D9H  NOT USED
CONV2BCD_R0. . . . . . . . . . . . .  C  ADDR  002BH
CONV2BCD_R1. . . . . . . . . . . . .  C  ADDR  0048H
CONV2BCD_R2. . . . . . . . . . . . .  C  ADDR  0065H
CONV2BCD_R3. . . . . . . . . . . . .  C  ADDR  0082H
CPRL2. . . . . . . . . . . . . . . .  B  ADDR  00C8H  NOT USED
CR . . . . . . . . . . . . . . . . .  B  ADDR  00DEH  NOT USED
CT2. . . . . . . . . . . . . . . . .  B  ADDR  00C9H  NOT USED
CY . . . . . . . . . . . . . . . . .  B  ADDR  00D7H  NOT USED
D7SVALORES . . . . . . . . . . . . .  C  ADDR  009FH
DP0H . . . . . . . . . . . . . . . .  D  ADDR  0083H  NOT USED
DP0L . . . . . . . . . . . . . . . .  D  ADDR  0082H  NOT USED
DP1H . . . . . . . . . . . . . . . .  D  ADDR  0085H  NOT USED
DP1L . . . . . . . . . . . . . . . .  D  ADDR  0084H  NOT USED
DPH. . . . . . . . . . . . . . . . .  D  ADDR  0083H  NOT USED
DPL. . . . . . . . . . . . . . . . .  D  ADDR  0082H  NOT USED
EA . . . . . . . . . . . . . . . . .  B  ADDR  00AFH  NOT USED
EC . . . . . . . . . . . . . . . . .  B  ADDR  00AEH  NOT USED
EECON. . . . . . . . . . . . . . . .  D  ADDR  0096H  NOT USED
ES . . . . . . . . . . . . . . . . .  B  ADDR  00ACH  NOT USED
ET0. . . . . . . . . . . . . . . . .  B  ADDR  00A9H  NOT USED
ET1. . . . . . . . . . . . . . . . .  B  ADDR  00ABH  NOT USED
ET2. . . . . . . . . . . . . . . . .  B  ADDR  00ADH  NOT USED
EX0. . . . . . . . . . . . . . . . .  B  ADDR  00A8H  NOT USED
EX1. . . . . . . . . . . . . . . . .  B  ADDR  00AAH  NOT USED
EXEN2. . . . . . . . . . . . . . . .  B  ADDR  00CBH  NOT USED
EXF2 . . . . . . . . . . . . . . . .  B  ADDR  00CEH  NOT USED
EXTI0. . . . . . . . . . . . . . . .  C  ADDR  0003H  NOT USED
EXTI1. . . . . . . . . . . . . . . .  C  ADDR  0013H  NOT USED
F0 . . . . . . . . . . . . . . . . .  B  ADDR  00D5H  NOT USED
FE . . . . . . . . . . . . . . . . .  B  ADDR  009FH  NOT USED
IE . . . . . . . . . . . . . . . . .  D  ADDR  00A8H  NOT USED
IE0. . . . . . . . . . . . . . . . .  B  ADDR  0089H  NOT USED
IE1. . . . . . . . . . . . . . . . .  B  ADDR  008BH  NOT USED
INT0 . . . . . . . . . . . . . . . .  B  ADDR  00B2H  NOT USED
INT1 . . . . . . . . . . . . . . . .  B  ADDR  00B3H  NOT USED
IP . . . . . . . . . . . . . . . . .  D  ADDR  00B8H  NOT USED
IPH. . . . . . . . . . . . . . . . .  D  ADDR  00B7H  NOT USED
IPH0 . . . . . . . . . . . . . . . .  D  ADDR  00B7H  NOT USED
IPH1 . . . . . . . . . . . . . . . .  D  ADDR  00B3H  NOT USED
IPL0 . . . . . . . . . . . . . . . .  D  ADDR  00B8H  NOT USED
IPL1 . . . . . . . . . . . . . . . .  D  ADDR  00B2H  NOT USED
IT0. . . . . . . . . . . . . . . . .  B  ADDR  0088H  NOT USED
IT1. . . . . . . . . . . . . . . . .  B  ADDR  008AH  NOT USED
KBE. . . . . . . . . . . . . . . . .  D  ADDR  009DH  NOT USED
KBF. . . . . . . . . . . . . . . . .  D  ADDR  009EH  NOT USED
KBLS . . . . . . . . . . . . . . . .  D  ADDR  009CH  NOT USED
LE_MEMORIA . . . . . . . . . . . . .  C  ADDR  0016H
LOOP . . . . . . . . . . . . . . . .  C  ADDR  000AH
OSCCON . . . . . . . . . . . . . . .  D  ADDR  0086H  NOT USED
OV . . . . . . . . . . . . . . . . .  B  ADDR  00D2H  NOT USED
P. . . . . . . . . . . . . . . . . .  B  ADDR  00D0H  NOT USED
P0 . . . . . . . . . . . . . . . . .  D  ADDR  0080H  NOT USED
P1 . . . . . . . . . . . . . . . . .  D  ADDR  0090H  NOT USED
P1M1 . . . . . . . . . . . . . . . .  D  ADDR  00D4H  NOT USED
P1M2 . . . . . . . . . . . . . . . .  D  ADDR  00E2H  NOT USED
P2 . . . . . . . . . . . . . . . . .  D  ADDR  00A0H  NOT USED
P3 . . . . . . . . . . . . . . . . .  D  ADDR  00B0H  NOT USED
P3M1 . . . . . . . . . . . . . . . .  D  ADDR  00D5H  NOT USED
P3M2 . . . . . . . . . . . . . . . .  D  ADDR  00E3H  NOT USED
P4 . . . . . . . . . . . . . . . . .  D  ADDR  00C0H  NOT USED
P4M1 . . . . . . . . . . . . . . . .  D  ADDR  00D6H  NOT USED
P4M2 . . . . . . . . . . . . . . . .  D  ADDR  00E4H  NOT USED
P5 . . . . . . . . . . . . . . . . .  D  ADDR  00E8H  NOT USED
PC . . . . . . . . . . . . . . . . .  B  ADDR  00BEH  NOT USED
PCON . . . . . . . . . . . . . . . .  D  ADDR  0087H  NOT USED
PPCL . . . . . . . . . . . . . . . .  B  ADDR  00BEH  NOT USED
PS . . . . . . . . . . . . . . . . .  B  ADDR  00BCH  NOT USED
PSL. . . . . . . . . . . . . . . . .  B  ADDR  00BCH  NOT USED
PSW. . . . . . . . . . . . . . . . .  D  ADDR  00D0H  NOT USED
PT0. . . . . . . . . . . . . . . . .  B  ADDR  00B9H  NOT USED
PT0L . . . . . . . . . . . . . . . .  B  ADDR  00B9H  NOT USED
PT1. . . . . . . . . . . . . . . . .  B  ADDR  00BBH  NOT USED
PT1L . . . . . . . . . . . . . . . .  B  ADDR  00BBH  NOT USED
PT2. . . . . . . . . . . . . . . . .  B  ADDR  00BDH  NOT USED
PT2L . . . . . . . . . . . . . . . .  B  ADDR  00BDH  NOT USED
PX0. . . . . . . . . . . . . . . . .  B  ADDR  00B8H  NOT USED
PX0L . . . . . . . . . . . . . . . .  B  ADDR  00B8H  NOT USED
PX1. . . . . . . . . . . . . . . . .  B  ADDR  00BAH  NOT USED
PX1L . . . . . . . . . . . . . . . .  B  ADDR  00BAH  NOT USED
RB8. . . . . . . . . . . . . . . . .  B  ADDR  009AH  NOT USED
RCAP2H . . . . . . . . . . . . . . .  D  ADDR  00CBH  NOT USED
RCAP2L . . . . . . . . . . . . . . .  D  ADDR  00CAH  NOT USED
RCLK . . . . . . . . . . . . . . . .  B  ADDR  00CDH  NOT USED
RD . . . . . . . . . . . . . . . . .  B  ADDR  00B7H  NOT USED
REN. . . . . . . . . . . . . . . . .  B  ADDR  009CH  NOT USED
RESET. . . . . . . . . . . . . . . .  C  ADDR  0000H  NOT USED
RI . . . . . . . . . . . . . . . . .  B  ADDR  0098H  NOT USED
RS0. . . . . . . . . . . . . . . . .  B  ADDR  00D3H  NOT USED
RS1. . . . . . . . . . . . . . . . .  B  ADDR  00D4H  NOT USED
RXD. . . . . . . . . . . . . . . . .  B  ADDR  00B0H  NOT USED
SADDR. . . . . . . . . . . . . . . .  D  ADDR  00A9H  NOT USED
SADDR_0. . . . . . . . . . . . . . .  D  ADDR  00A9H  NOT USED
SADDR_1. . . . . . . . . . . . . . .  D  ADDR  00AAH  NOT USED
SADEN. . . . . . . . . . . . . . . .  D  ADDR  00B9H  NOT USED
SADEN_0. . . . . . . . . . . . . . .  D  ADDR  00B9H  NOT USED
SADEN_1. . . . . . . . . . . . . . .  D  ADDR  00BAH  NOT USED
SBUF . . . . . . . . . . . . . . . .  D  ADDR  0099H  NOT USED
SCON . . . . . . . . . . . . . . . .  D  ADDR  0098H  NOT USED
SETUP. . . . . . . . . . . . . . . .  C  ADDR  0002H
SINT . . . . . . . . . . . . . . . .  C  ADDR  0023H  NOT USED
SM0. . . . . . . . . . . . . . . . .  B  ADDR  009FH  NOT USED
SM1. . . . . . . . . . . . . . . . .  B  ADDR  009EH  NOT USED
SM2. . . . . . . . . . . . . . . . .  B  ADDR  009DH  NOT USED
SP . . . . . . . . . . . . . . . . .  D  ADDR  0081H  NOT USED
SPCON. . . . . . . . . . . . . . . .  D  ADDR  00C3H  NOT USED
SPCR . . . . . . . . . . . . . . . .  D  ADDR  00D5H  NOT USED
SPDAT. . . . . . . . . . . . . . . .  D  ADDR  00C5H  NOT USED
SPDR . . . . . . . . . . . . . . . .  D  ADDR  0086H  NOT USED
SPSR . . . . . . . . . . . . . . . .  D  ADDR  00AAH  NOT USED
SPSTA. . . . . . . . . . . . . . . .  D  ADDR  00C4H  NOT USED
T0 . . . . . . . . . . . . . . . . .  B  ADDR  00B4H  NOT USED
T1 . . . . . . . . . . . . . . . . .  B  ADDR  00B5H  NOT USED
T2CON. . . . . . . . . . . . . . . .  D  ADDR  00C8H  NOT USED
T2MOD. . . . . . . . . . . . . . . .  D  ADDR  00C9H  NOT USED
TB8. . . . . . . . . . . . . . . . .  B  ADDR  009BH  NOT USED
TCLK . . . . . . . . . . . . . . . .  B  ADDR  00CCH  NOT USED
TCON . . . . . . . . . . . . . . . .  D  ADDR  0088H  NOT USED
TF0. . . . . . . . . . . . . . . . .  B  ADDR  008DH  NOT USED
TF1. . . . . . . . . . . . . . . . .  B  ADDR  008FH  NOT USED
TF2. . . . . . . . . . . . . . . . .  B  ADDR  00CFH  NOT USED
TH0. . . . . . . . . . . . . . . . .  D  ADDR  008CH  NOT USED
TH1. . . . . . . . . . . . . . . . .  D  ADDR  008DH  NOT USED
TH2. . . . . . . . . . . . . . . . .  D  ADDR  00CDH  NOT USED
TI . . . . . . . . . . . . . . . . .  B  ADDR  0099H  NOT USED
TIMER0 . . . . . . . . . . . . . . .  C  ADDR  000BH  NOT USED
TIMER1 . . . . . . . . . . . . . . .  C  ADDR  001BH  NOT USED
TIMER2 . . . . . . . . . . . . . . .  C  ADDR  002BH  NOT USED
TL0. . . . . . . . . . . . . . . . .  D  ADDR  008AH  NOT USED
TL1. . . . . . . . . . . . . . . . .  D  ADDR  008BH  NOT USED
TL2. . . . . . . . . . . . . . . . .  D  ADDR  00CCH  NOT USED
TMOD . . . . . . . . . . . . . . . .  D  ADDR  0089H  NOT USED
TR0. . . . . . . . . . . . . . . . .  B  ADDR  008CH  NOT USED
TR1. . . . . . . . . . . . . . . . .  B  ADDR  008EH  NOT USED
TR2. . . . . . . . . . . . . . . . .  B  ADDR  00CAH  NOT USED
TXD. . . . . . . . . . . . . . . . .  B  ADDR  00B1H  NOT USED
WDTCON . . . . . . . . . . . . . . .  D  ADDR  00A7H  NOT USED
WDTPRG . . . . . . . . . . . . . . .  D  ADDR  00A7H  NOT USED
WDTRST . . . . . . . . . . . . . . .  D  ADDR  00A6H  NOT USED
WR . . . . . . . . . . . . . . . . .  B  ADDR  00B6H  NOT USED