Simul10                                                                                                                 PAGE 1
                         1     ;***********************************************
                         2     ;*      Marcos Vinícius Firmino Pietrucci      *
                         3     ;*      10770072                               *
                         4     ;***********************************************
                         5
                         6     ; ****************** PROGRAMA ******************
                         7
                         8
                         9     ORG 0
                        10
                        11     ;*****   EQUs
  00B4                  12             RS      EQU     P3.4
  00B4                  13             RW      EQU     P3.4
  00B2                  14             ENAB    EQU     P3.2
  00A0                  15             DAT     EQU     P2
  00B0                  16             DQ      EQU     P3.0
  00B1                  17             CLK     EQU     P3.1
  0090                  18             RST     EQU     P1.0
                        19
                        20     ;**********************************
                        21
                        22                     ;Configurações iniciais do LCD
0000 117A               23                     ACALL   INIT_LCD
0002 1194               24                     ACALL   CLR_LCD
0004 7400               25                     MOV     A,#00H
0006 11A0               26                     ACALL   POS_LCD
0008 90006E             27                     MOV     DPTR, #DADOS
000B E4                 28     CONT_PRINT2:    CLR     A
000C 93                 29                     MOVC    A,@A+DPTR
000D B40002             30                     CJNE    A,#00,CONT_PRINT
0010 8005               31                     SJMP    SAI
0012 11AD               32     CONT_PRINT:     ACALL   WRITE_TEXT
0014 A3                 33                     INC     DPTR
0015 80F4               34                     SJMP    CONT_PRINT2
                        35
0017 11E6               36     SAI:            ACALL   CONF            ;Inicia a leitura de temperatura
0019 3104               37     L1:             ACALL   MEDE            ;Mede o valor da temp.
001B 7440               38                     MOV     A, #40H
001D 11A0               39                     ACALL   POS_LCD         ;Preparar para printar no LCD
001F E9                 40                     MOV     A,R1
0020 B4003A             41                     CJNE    A,#00,NEGATIVO
0023 75302B             42                     MOV     30H,#'+'
0026 E8                 43                     MOV     A,R0
0027 20E029             44                     JB      ACC.0,PRINT_MEIO
002A 753530             45                     MOV     35H,#30H
002D C3                 46     L2:             CLR     C
002E 13                 47                     RRC     A
002F 11B8               48     L3:             ACALL   CONV2
0031 E530               49                     MOV     A,30H           ;Escrever os textos
0033 11AD               50                     ACALL   WRITE_TEXT
0035 E531               51                     MOV     A,31H
0037 11AD               52                     ACALL   WRITE_TEXT
0039 E532               53                     MOV     A,32H
003B 11AD               54                     ACALL   WRITE_TEXT
003D E533               55                     MOV     A,33H
003F 11AD               56                     ACALL   WRITE_TEXT
0041 742E               57                     MOV     A,#'.'
0043 11AD               58                     ACALL   WRITE_TEXT
0045 E535               59                     MOV     A,35H
0047 11AD               60                     ACALL   WRITE_TEXT
0049 74DF               61                     MOV     A,#0DFH         ;Simbolo de graus
004B 11AD               62                     ACALL   WRITE_TEXT
004D 7443               63                     MOV     A,#'C'
004F 11AD               64                     ACALL   WRITE_TEXT
0051 80C6               65                     SJMP    L1
                        66     ;*************************************************
                        67     ;Subrotina que printa valores decimais, 0.5
0053 753535             68     PRINT_MEIO:     MOV     35H, #35H
0056 80D5               69                     SJMP    L2
0058 753535             70     PRINT_MEIO2:    MOV     35H, #35H
005B 800A               71                     SJMP    L4
                        72     ;*************************************************
                        73     ;Subrotina que printa valores negativos
005D 75302D             74     NEGATIVO:       MOV     30H,#'-'
0060 E8                 75                     MOV     A,R0
0061 20E0F4             76                     JB      ACC.0,PRINT_MEIO2
0064 753530             77                     MOV     35H, #30H
0067 D3                 78     L4:             SETB    C
0068 13                 79                     RRC     A
0069 F4                 80                     CPL     A
006A 2401               81                     ADD     A,#1
006C 80C1               82                     SJMP    L3
                        83     ;*************************************************
006E 54454D5045         84     DADOS:          DB      'TEMPERATURA',00 ;String de texto para printar
     5241545552
     4100
                        85     ;*************************************************
                        86     ;Subrotina que liga e configura o LCD
007A C2B4               87     INIT_LCD:       CLR     RW
007C C2B4               88                     CLR     RS
007E D2B2               89                     SETB    ENAB
0080 75A038             90                     MOV     DAT, #38H       ;2x16 e matriz 5x7
0083 C2B2               91                     CLR     ENAB
0085 D2B2               92                     SETB    ENAB
0087 75A00E             93                     MOV     DAT, #0EH       ;Display on/off
008A C2B2               94                     CLR     ENAB
008C D2B2               95                     SETB    ENAB
008E 75A006             96                     MOV     DAT, #06H       ;Modo de entrada
0091 C2B2               97                     CLR     ENAB
0093 22                 98                     RET
                        99
                       100     ;**************************************************
0094 C2B4              101     CLR_LCD:        CLR     RW
0096 C2B4              102                     CLR     RS
0098 D2B2              103                     SETB    ENAB
009A 75A001            104                     MOV     DAT, #01H
009D C2B2              105                     CLR     ENAB
009F 22                106                     RET
                       107     ;**************************************************
00A0 C2B4              108     POS_LCD:        CLR     RW
00A2 C2B4              109                     CLR     RS
00A4 D2B2              110                     SETB    ENAB
00A6 2480              111                     ADD     A, #80H
00A8 F5A0              112                     MOV     DAT, A
00AA C2B2              113                     CLR     ENAB
00AC 22                114                     RET
                       115
                       116     ;**************************************************
                       117     ;Subrotina que mostra um caractere ASCII no LCD
00AD C2B4              118     WRITE_TEXT:     CLR     RW      ;Modo de escrtia
00AF D2B4              119                     SETB    RS      ;Dado a ser enviado
00B1 D2B2              120                     SETB    ENAB
00B3 F5A0              121                     MOV     DAT, A
00B5 C2B2              122                     CLR     ENAB    ;Pulso no enable
00B7 22                123                     RET
                       124
                       125     ;**************************************************
                       126     ;Subrotina que converte um valor Hexa no ACC em BCD de 3 digitos
00B8 B46400            127     CONV2:          CJNE    A,#64H,TESTE
00BB 4009              128     TESTE:          JC      MENOR
00BD 9464              129                     SUBB    A,#64H
00BF 11CD              130                     ACALL   CONVBCD
00C1 7B01              131                     MOV     R3, #1
00C3 11D7              132                     ACALL   ASCII_3
00C5 22                133                     RET
00C6 11CD              134     MENOR:          ACALL   CONVBCD
00C8 7B00              135                     MOV     R3, #00
00CA 11D7              136                     ACALL   ASCII_3
00CC 22                137                     RET
                       138     ;**************************************************
                       139     ;Função que converte o número no acumulador em BCD
00CD 75F00A            140     CONVBCD:        MOV     B, #0AH
00D0 84                141                     DIV     AB
00D1 FA                142                     MOV     R2, A   ; R2 = ISB
00D2 A9F0              143                     MOV     R1, B   ; R1 = LSB
00D4 C4                144                     SWAP    A
00D5 49                145                     ORL     A,R1
00D6 22                146                     RET
                       147     ;**************************************************
                       148     ;Subrotina que monta o buffer de dados de 3 digitos ASCII
                       149     ;Converter em ASCII só somar 30h no numero BCD
00D7 EB                150     ASCII_3:        MOV     A,R3
00D8 2430              151                     ADD     A,#30H
00DA F531              152                     MOV     31H,A
00DC EA                153                     MOV     A,R2
00DD 2430              154                     ADD     A,#30H
00DF F532              155                     MOV     32H,A
00E1 E9                156                     MOV     A,R1
00E2 2430              157                     ADD     A,#30H
00E4 F533              158                     MOV     33H,A
                       159
                       160     ;**************************************************
                       161     ;               CONFIGURAÇÃO DO DS1620
                       162     ;***************************************************
                       163     ; CONF deve ser chamada uma vez e MEDE deve ser chamada toda vez que fizer uma leitura.
00E6 740A              164     CONF:           MOV     A,#0AH  ;Configuração = cpu & Continuo
00E8 11EF              165                     ACALL   OUT_CMD
00EA 74EE              166                     MOV     A,#0EEH ;Iniciar conversão.
00EC 11EF              167                     ACALL   OUT_CMD
00EE 22                168                     RET
                       169     ;***************************************************
                       170     ; OUT_CMD - Envia comando para o DS1620..
                       171     ;***************************************************
00EF C290              172     OUT_CMD:        CLR     RST ; É necessário pulsar o Reset antes de enviar comando
00F1 D290              173                     SETB    RST
00F3 7F08              174                     MOV     R7,#8
00F5 13                175     SERIAL:         RRC     A ;Desloca o ACC para enviar o cada bit (LSB) via Carry
00F6 92B0              176                     MOV     DQ,C ; Envia bit a bit para DQ
00F8 11FD              177                     ACALL   PULSE ; Pulsa o clock a cada bit enviado
00FA DFF9              178                     DJNZ    R7,SERIAL
                       179
00FC 22                180                     RET
                       181     ;***************************************************
00FD D2B1              182     PULSE:          SETB    CLK
00FF C2B1              183                     CLR     CLK
0101 D2B1              184                     SETB    CLK
0103 22                185                     RET
                       186     ;*****************************************
                       187     ; Rotina que lê a temperatura do sensor DS1620 e salva em
                       188     ; R0 = LSB e R1 = 00 se positivo ou R1 = 01 se negativo
                       189     ;******************************************
                       190
0104 74AA              191     MEDE:           MOV     A,#0AAH ; Comando de leitura de
0106 11EF              192                     ACALL   OUT_CMD ;temperatura (9 bits).
0108 3114              193                     ACALL   IN_DATA ; Ler o LSB (8 bits)da temperatura.
010A F8                194                     MOV     R0,A ;Salvar o LSB em R0.
010B 9200              195                     MOV     20H.0,C ; Ler o Bit de sinal (nono bit) da temperatura
010D A920              196                     MOV     R1,20H ; Salvar no bit 0 de R1 (1 = negativo  0 = positivo)
010F 74EE              197                     MOV     A,#0EEH ; Iniciar outra conversão.
0111 11EF              198                     ACALL   OUT_CMD
0113 22                199                     RET
                       200     ;***************************************************
                       201     ; IN_DATA - Lê um dado do DS1620.
                       202
                       203     ;*************************************************
                       204
0114 E4                205     IN_DATA:        CLR     A
0115 D2B0              206                     SETB    DQ ; DQ será usado como
                       207                     ;entrada (leitura)
0117 D290              208                     SETB    RST
0119 7F09              209                     MOV     R7,#9
011B D2B1              210     SERIAL2:        SETB    CLK
011D C2B1              211                     CLR     CLK
011F A2B0              212                     MOV     C,DQ
0121 D2B1              213                     SETB    CLK
0123 13                214                     RRC     A
0124 DFF5              215                     DJNZ    R7,SERIAL2
0126 33                216                     RLC     A
0127 22                217                     RET
                       218
                       219                     END
ASSEMBLY COMPLETE, NO ERRORS FOUND, NO WARNINGS


SYMBOL TABLE:
??MCU_8051_IDE . . . . . . . . . . .  N  NUMB  8051H  NOT USED
??VERSION. . . . . . . . . . . . . .  N  NUMB  0149H  NOT USED
AC . . . . . . . . . . . . . . . . .  B  ADDR  00D6H  NOT USED
ACC. . . . . . . . . . . . . . . . .  D  ADDR  00E0H
ACSR . . . . . . . . . . . . . . . .  D  ADDR  0097H  NOT USED
ADCF . . . . . . . . . . . . . . . .  D  ADDR  00F6H  NOT USED
ADCLK. . . . . . . . . . . . . . . .  D  ADDR  00F2H  NOT USED
ADCON. . . . . . . . . . . . . . . .  D  ADDR  00F3H  NOT USED
ADDH . . . . . . . . . . . . . . . .  D  ADDR  00F5H  NOT USED
ADDL . . . . . . . . . . . . . . . .  D  ADDR  00F4H  NOT USED
ASCII_3. . . . . . . . . . . . . . .  C  ADDR  00D7H
AUXR . . . . . . . . . . . . . . . .  D  ADDR  008EH  NOT USED
AUXR1. . . . . . . . . . . . . . . .  D  ADDR  00A2H  NOT USED
B. . . . . . . . . . . . . . . . . .  D  ADDR  00F0H
BDRCON . . . . . . . . . . . . . . .  D  ADDR  009BH  NOT USED
BDRCON_1 . . . . . . . . . . . . . .  D  ADDR  009CH  NOT USED
BRL. . . . . . . . . . . . . . . . .  D  ADDR  009AH  NOT USED
CCAP0H . . . . . . . . . . . . . . .  D  ADDR  00FAH  NOT USED
CCAP0L . . . . . . . . . . . . . . .  D  ADDR  00EAH  NOT USED
CCAP1H . . . . . . . . . . . . . . .  D  ADDR  00FBH  NOT USED
CCAP1L . . . . . . . . . . . . . . .  D  ADDR  00EBH  NOT USED
CCAP2H . . . . . . . . . . . . . . .  D  ADDR  00FCH  NOT USED
CCAP3H . . . . . . . . . . . . . . .  D  ADDR  00FDH  NOT USED
CCAP4H . . . . . . . . . . . . . . .  D  ADDR  00FEH  NOT USED
CCAPL2H. . . . . . . . . . . . . . .  D  ADDR  00FCH  NOT USED
CCAPL2L. . . . . . . . . . . . . . .  D  ADDR  00ECH  NOT USED
CCAPL3H. . . . . . . . . . . . . . .  D  ADDR  00FDH  NOT USED
CCAPL3L. . . . . . . . . . . . . . .  D  ADDR  00EDH  NOT USED
CCAPL4H. . . . . . . . . . . . . . .  D  ADDR  00FEH  NOT USED
CCAPL4L. . . . . . . . . . . . . . .  D  ADDR  00EEH  NOT USED
CCAPM0 . . . . . . . . . . . . . . .  D  ADDR  00DAH  NOT USED
CCAPM1 . . . . . . . . . . . . . . .  D  ADDR  00DBH  NOT USED
CCAPM2 . . . . . . . . . . . . . . .  D  ADDR  00DCH  NOT USED
CCAPM3 . . . . . . . . . . . . . . .  D  ADDR  00DDH  NOT USED
CCAPM4 . . . . . . . . . . . . . . .  D  ADDR  00DEH  NOT USED
CCF0 . . . . . . . . . . . . . . . .  B  ADDR  00D8H  NOT USED
CCF1 . . . . . . . . . . . . . . . .  B  ADDR  00D9H  NOT USED
CCF2 . . . . . . . . . . . . . . . .  B  ADDR  00DAH  NOT USED
CCF3 . . . . . . . . . . . . . . . .  B  ADDR  00DBH  NOT USED
CCF4 . . . . . . . . . . . . . . . .  B  ADDR  00DCH  NOT USED
CCON . . . . . . . . . . . . . . . .  D  ADDR  00D8H  NOT USED
CFINT. . . . . . . . . . . . . . . .  C  ADDR  0033H  NOT USED
CH . . . . . . . . . . . . . . . . .  D  ADDR  00F9H  NOT USED
CKCON. . . . . . . . . . . . . . . .  D  ADDR  008FH  NOT USED
CKCON0 . . . . . . . . . . . . . . .  D  ADDR  008FH  NOT USED
CKRL . . . . . . . . . . . . . . . .  D  ADDR  0097H  NOT USED
CKSEL. . . . . . . . . . . . . . . .  D  ADDR  0085H  NOT USED
CL . . . . . . . . . . . . . . . . .  D  ADDR  00E9H  NOT USED
CLK. . . . . . . . . . . . . . . . .  N  NUMB  00B1H
CLKREG . . . . . . . . . . . . . . .  D  ADDR  008FH  NOT USED
CLR_LCD. . . . . . . . . . . . . . .  C  ADDR  0094H
CMOD . . . . . . . . . . . . . . . .  D  ADDR  00D9H  NOT USED
CONF . . . . . . . . . . . . . . . .  C  ADDR  00E6H
CONT_PRINT . . . . . . . . . . . . .  C  ADDR  0012H
CONT_PRINT2. . . . . . . . . . . . .  C  ADDR  000BH
CONV2. . . . . . . . . . . . . . . .  C  ADDR  00B8H
CONVBCD. . . . . . . . . . . . . . .  C  ADDR  00CDH
CPRL2. . . . . . . . . . . . . . . .  B  ADDR  00C8H  NOT USED
CR . . . . . . . . . . . . . . . . .  B  ADDR  00DEH  NOT USED
CT2. . . . . . . . . . . . . . . . .  B  ADDR  00C9H  NOT USED
CY . . . . . . . . . . . . . . . . .  B  ADDR  00D7H  NOT USED
DADOS. . . . . . . . . . . . . . . .  C  ADDR  006EH
DAT. . . . . . . . . . . . . . . . .  N  NUMB  00A0H
DP0H . . . . . . . . . . . . . . . .  D  ADDR  0083H  NOT USED
DP0L . . . . . . . . . . . . . . . .  D  ADDR  0082H  NOT USED
DP1H . . . . . . . . . . . . . . . .  D  ADDR  0085H  NOT USED
DP1L . . . . . . . . . . . . . . . .  D  ADDR  0084H  NOT USED
DPH. . . . . . . . . . . . . . . . .  D  ADDR  0083H  NOT USED
DPL. . . . . . . . . . . . . . . . .  D  ADDR  0082H  NOT USED
DQ . . . . . . . . . . . . . . . . .  N  NUMB  00B0H
EA . . . . . . . . . . . . . . . . .  B  ADDR  00AFH  NOT USED
EC . . . . . . . . . . . . . . . . .  B  ADDR  00AEH  NOT USED
EECON. . . . . . . . . . . . . . . .  D  ADDR  0096H  NOT USED
ENAB . . . . . . . . . . . . . . . .  N  NUMB  00B2H
ES . . . . . . . . . . . . . . . . .  B  ADDR  00ACH  NOT USED
ET0. . . . . . . . . . . . . . . . .  B  ADDR  00A9H  NOT USED
ET1. . . . . . . . . . . . . . . . .  B  ADDR  00ABH  NOT USED
ET2. . . . . . . . . . . . . . . . .  B  ADDR  00ADH  NOT USED
EX0. . . . . . . . . . . . . . . . .  B  ADDR  00A8H  NOT USED
EX1. . . . . . . . . . . . . . . . .  B  ADDR  00AAH  NOT USED
EXEN2. . . . . . . . . . . . . . . .  B  ADDR  00CBH  NOT USED
EXF2 . . . . . . . . . . . . . . . .  B  ADDR  00CEH  NOT USED
EXTI0. . . . . . . . . . . . . . . .  C  ADDR  0003H  NOT USED
EXTI1. . . . . . . . . . . . . . . .  C  ADDR  0013H  NOT USED
F0 . . . . . . . . . . . . . . . . .  B  ADDR  00D5H  NOT USED
FE . . . . . . . . . . . . . . . . .  B  ADDR  009FH  NOT USED
IE . . . . . . . . . . . . . . . . .  D  ADDR  00A8H  NOT USED
IE0. . . . . . . . . . . . . . . . .  B  ADDR  0089H  NOT USED
IE1. . . . . . . . . . . . . . . . .  B  ADDR  008BH  NOT USED
INIT_LCD . . . . . . . . . . . . . .  C  ADDR  007AH
INT0 . . . . . . . . . . . . . . . .  B  ADDR  00B2H  NOT USED
INT1 . . . . . . . . . . . . . . . .  B  ADDR  00B3H  NOT USED
IN_DATA. . . . . . . . . . . . . . .  C  ADDR  0114H
IP . . . . . . . . . . . . . . . . .  D  ADDR  00B8H  NOT USED
IPH. . . . . . . . . . . . . . . . .  D  ADDR  00B7H  NOT USED
IPH0 . . . . . . . . . . . . . . . .  D  ADDR  00B7H  NOT USED
IPH1 . . . . . . . . . . . . . . . .  D  ADDR  00B3H  NOT USED
IPL0 . . . . . . . . . . . . . . . .  D  ADDR  00B8H  NOT USED
IPL1 . . . . . . . . . . . . . . . .  D  ADDR  00B2H  NOT USED
IT0. . . . . . . . . . . . . . . . .  B  ADDR  0088H  NOT USED
IT1. . . . . . . . . . . . . . . . .  B  ADDR  008AH  NOT USED
KBE. . . . . . . . . . . . . . . . .  D  ADDR  009DH  NOT USED
KBF. . . . . . . . . . . . . . . . .  D  ADDR  009EH  NOT USED
KBLS . . . . . . . . . . . . . . . .  D  ADDR  009CH  NOT USED
L1 . . . . . . . . . . . . . . . . .  C  ADDR  0019H
L2 . . . . . . . . . . . . . . . . .  C  ADDR  002DH
L3 . . . . . . . . . . . . . . . . .  C  ADDR  002FH
L4 . . . . . . . . . . . . . . . . .  C  ADDR  0067H
MEDE . . . . . . . . . . . . . . . .  C  ADDR  0104H
MENOR. . . . . . . . . . . . . . . .  C  ADDR  00C6H
NEGATIVO . . . . . . . . . . . . . .  C  ADDR  005DH
OSCCON . . . . . . . . . . . . . . .  D  ADDR  0086H  NOT USED
OUT_CMD. . . . . . . . . . . . . . .  C  ADDR  00EFH
OV . . . . . . . . . . . . . . . . .  B  ADDR  00D2H  NOT USED
P. . . . . . . . . . . . . . . . . .  B  ADDR  00D0H  NOT USED
P0 . . . . . . . . . . . . . . . . .  D  ADDR  0080H  NOT USED
P1 . . . . . . . . . . . . . . . . .  D  ADDR  0090H  NOT USED
P1M1 . . . . . . . . . . . . . . . .  D  ADDR  00D4H  NOT USED
P1M2 . . . . . . . . . . . . . . . .  D  ADDR  00E2H  NOT USED
P2 . . . . . . . . . . . . . . . . .  D  ADDR  00A0H  NOT USED
P3 . . . . . . . . . . . . . . . . .  D  ADDR  00B0H  NOT USED
P3M1 . . . . . . . . . . . . . . . .  D  ADDR  00D5H  NOT USED
P3M2 . . . . . . . . . . . . . . . .  D  ADDR  00E3H  NOT USED
P4 . . . . . . . . . . . . . . . . .  D  ADDR  00C0H  NOT USED
P4M1 . . . . . . . . . . . . . . . .  D  ADDR  00D6H  NOT USED
P4M2 . . . . . . . . . . . . . . . .  D  ADDR  00E4H  NOT USED
P5 . . . . . . . . . . . . . . . . .  D  ADDR  00E8H  NOT USED
PC . . . . . . . . . . . . . . . . .  B  ADDR  00BEH  NOT USED
PCON . . . . . . . . . . . . . . . .  D  ADDR  0087H  NOT USED
POS_LCD. . . . . . . . . . . . . . .  C  ADDR  00A0H
PPCL . . . . . . . . . . . . . . . .  B  ADDR  00BEH  NOT USED
PRINT_MEIO . . . . . . . . . . . . .  C  ADDR  0053H
PRINT_MEIO2. . . . . . . . . . . . .  C  ADDR  0058H
PS . . . . . . . . . . . . . . . . .  B  ADDR  00BCH  NOT USED
PSL. . . . . . . . . . . . . . . . .  B  ADDR  00BCH  NOT USED
PSW. . . . . . . . . . . . . . . . .  D  ADDR  00D0H  NOT USED
PT0. . . . . . . . . . . . . . . . .  B  ADDR  00B9H  NOT USED
PT0L . . . . . . . . . . . . . . . .  B  ADDR  00B9H  NOT USED
PT1. . . . . . . . . . . . . . . . .  B  ADDR  00BBH  NOT USED
PT1L . . . . . . . . . . . . . . . .  B  ADDR  00BBH  NOT USED
PT2. . . . . . . . . . . . . . . . .  B  ADDR  00BDH  NOT USED
PT2L . . . . . . . . . . . . . . . .  B  ADDR  00BDH  NOT USED
PULSE. . . . . . . . . . . . . . . .  C  ADDR  00FDH
PX0. . . . . . . . . . . . . . . . .  B  ADDR  00B8H  NOT USED
PX0L . . . . . . . . . . . . . . . .  B  ADDR  00B8H  NOT USED
PX1. . . . . . . . . . . . . . . . .  B  ADDR  00BAH  NOT USED
PX1L . . . . . . . . . . . . . . . .  B  ADDR  00BAH  NOT USED
RB8. . . . . . . . . . . . . . . . .  B  ADDR  009AH  NOT USED
RCAP2H . . . . . . . . . . . . . . .  D  ADDR  00CBH  NOT USED
RCAP2L . . . . . . . . . . . . . . .  D  ADDR  00CAH  NOT USED
RCLK . . . . . . . . . . . . . . . .  B  ADDR  00CDH  NOT USED
RD . . . . . . . . . . . . . . . . .  B  ADDR  00B7H  NOT USED
REN. . . . . . . . . . . . . . . . .  B  ADDR  009CH  NOT USED
RESET. . . . . . . . . . . . . . . .  C  ADDR  0000H  NOT USED
RI . . . . . . . . . . . . . . . . .  B  ADDR  0098H  NOT USED
RS . . . . . . . . . . . . . . . . .  N  NUMB  00B4H
RS0. . . . . . . . . . . . . . . . .  B  ADDR  00D3H  NOT USED
RS1. . . . . . . . . . . . . . . . .  B  ADDR  00D4H  NOT USED
RST. . . . . . . . . . . . . . . . .  N  NUMB  0090H
RW . . . . . . . . . . . . . . . . .  N  NUMB  00B4H
RXD. . . . . . . . . . . . . . . . .  B  ADDR  00B0H  NOT USED
SADDR. . . . . . . . . . . . . . . .  D  ADDR  00A9H  NOT USED
SADDR_0. . . . . . . . . . . . . . .  D  ADDR  00A9H  NOT USED
SADDR_1. . . . . . . . . . . . . . .  D  ADDR  00AAH  NOT USED
SADEN. . . . . . . . . . . . . . . .  D  ADDR  00B9H  NOT USED
SADEN_0. . . . . . . . . . . . . . .  D  ADDR  00B9H  NOT USED
SADEN_1. . . . . . . . . . . . . . .  D  ADDR  00BAH  NOT USED
SAI. . . . . . . . . . . . . . . . .  C  ADDR  0017H
SBUF . . . . . . . . . . . . . . . .  D  ADDR  0099H  NOT USED
SCON . . . . . . . . . . . . . . . .  D  ADDR  0098H  NOT USED
SERIAL . . . . . . . . . . . . . . .  C  ADDR  00F5H
SERIAL2. . . . . . . . . . . . . . .  C  ADDR  011BH
SINT . . . . . . . . . . . . . . . .  C  ADDR  0023H  NOT USED
SM0. . . . . . . . . . . . . . . . .  B  ADDR  009FH  NOT USED
SM1. . . . . . . . . . . . . . . . .  B  ADDR  009EH  NOT USED
SM2. . . . . . . . . . . . . . . . .  B  ADDR  009DH  NOT USED
SP . . . . . . . . . . . . . . . . .  D  ADDR  0081H  NOT USED
SPCON. . . . . . . . . . . . . . . .  D  ADDR  00C3H  NOT USED
SPCR . . . . . . . . . . . . . . . .  D  ADDR  00D5H  NOT USED
SPDAT. . . . . . . . . . . . . . . .  D  ADDR  00C5H  NOT USED
SPDR . . . . . . . . . . . . . . . .  D  ADDR  0086H  NOT USED
SPSR . . . . . . . . . . . . . . . .  D  ADDR  00AAH  NOT USED
SPSTA. . . . . . . . . . . . . . . .  D  ADDR  00C4H  NOT USED
T0 . . . . . . . . . . . . . . . . .  B  ADDR  00B4H  NOT USED
T1 . . . . . . . . . . . . . . . . .  B  ADDR  00B5H  NOT USED
T2CON. . . . . . . . . . . . . . . .  D  ADDR  00C8H  NOT USED
T2MOD. . . . . . . . . . . . . . . .  D  ADDR  00C9H  NOT USED
TB8. . . . . . . . . . . . . . . . .  B  ADDR  009BH  NOT USED
TCLK . . . . . . . . . . . . . . . .  B  ADDR  00CCH  NOT USED
TCON . . . . . . . . . . . . . . . .  D  ADDR  0088H  NOT USED
TESTE. . . . . . . . . . . . . . . .  C  ADDR  00BBH
TF0. . . . . . . . . . . . . . . . .  B  ADDR  008DH  NOT USED
TF1. . . . . . . . . . . . . . . . .  B  ADDR  008FH  NOT USED
TF2. . . . . . . . . . . . . . . . .  B  ADDR  00CFH  NOT USED
TH0. . . . . . . . . . . . . . . . .  D  ADDR  008CH  NOT USED
TH1. . . . . . . . . . . . . . . . .  D  ADDR  008DH  NOT USED
TH2. . . . . . . . . . . . . . . . .  D  ADDR  00CDH  NOT USED
TI . . . . . . . . . . . . . . . . .  B  ADDR  0099H  NOT USED
TIMER0 . . . . . . . . . . . . . . .  C  ADDR  000BH  NOT USED
TIMER1 . . . . . . . . . . . . . . .  C  ADDR  001BH  NOT USED
TIMER2 . . . . . . . . . . . . . . .  C  ADDR  002BH  NOT USED
TL0. . . . . . . . . . . . . . . . .  D  ADDR  008AH  NOT USED
TL1. . . . . . . . . . . . . . . . .  D  ADDR  008BH  NOT USED
TL2. . . . . . . . . . . . . . . . .  D  ADDR  00CCH  NOT USED
TMOD . . . . . . . . . . . . . . . .  D  ADDR  0089H  NOT USED
TR0. . . . . . . . . . . . . . . . .  B  ADDR  008CH  NOT USED
TR1. . . . . . . . . . . . . . . . .  B  ADDR  008EH  NOT USED
TR2. . . . . . . . . . . . . . . . .  B  ADDR  00CAH  NOT USED
TXD. . . . . . . . . . . . . . . . .  B  ADDR  00B1H  NOT USED
WDTCON . . . . . . . . . . . . . . .  D  ADDR  00A7H  NOT USED
WDTPRG . . . . . . . . . . . . . . .  D  ADDR  00A7H  NOT USED
WDTRST . . . . . . . . . . . . . . .  D  ADDR  00A6H  NOT USED
WR . . . . . . . . . . . . . . . . .  B  ADDR  00B6H  NOT USED
WRITE_TEXT . . . . . . . . . . . . .  C  ADDR  00ADH